0 verbose cli /usr/local/bin/node /usr/local/bin/npm
1 info using npm@10.9.2
2 info using node@v22.16.0
3 silly config load:file:/usr/local/lib/node_modules/npm/npmrc
4 silly config load:file:/Users/mikkey_frolkin/caffio-project/frontend/.npmrc
5 silly config load:file:/Users/mikkey_frolkin/.npmrc
6 silly config load:file:/usr/local/etc/npmrc
7 verbose title npm ci
8 verbose argv "ci" "--cache" "./.npm-cache"
9 verbose logfile logs-max:10 dir:/Users/mikkey_frolkin/caffio-project/frontend/.npm-cache/_logs/2025-10-29T07_25_54_270Z-
10 verbose logfile /Users/mikkey_frolkin/caffio-project/frontend/.npm-cache/_logs/2025-10-29T07_25_54_270Z-debug-0.log
11 silly logfile done cleaning log files
12 silly packumentCache heap:4345298944 maxSize:1086324736 maxEntrySize:543162368
13 silly idealTree buildDeps
14 silly reify moves {}
15 verbose reify failed optional dependency /Users/mikkey_frolkin/caffio-project/frontend/node_modules/@swc/core-win32-x64-msvc
16 silly reify mark deleted [
16 silly reify   '/Users/mikkey_frolkin/caffio-project/frontend/node_modules/@swc/core-win32-x64-msvc'
16 silly reify ]
17 verbose reify failed optional dependency /Users/mikkey_frolkin/caffio-project/frontend/node_modules/@swc/core-win32-ia32-msvc
18 silly reify mark deleted [
18 silly reify   '/Users/mikkey_frolkin/caffio-project/frontend/node_modules/@swc/core-win32-ia32-msvc'
18 silly reify ]
19 verbose reify failed optional dependency /Users/mikkey_frolkin/caffio-project/frontend/node_modules/@swc/core-win32-arm64-msvc
20 silly reify mark deleted [
20 silly reify   '/Users/mikkey_frolkin/caffio-project/frontend/node_modules/@swc/core-win32-arm64-msvc'
20 silly reify ]
21 verbose reify failed optional dependency /Users/mikkey_frolkin/caffio-project/frontend/node_modules/@swc/core-linux-x64-musl
22 silly reify mark deleted [
22 silly reify   '/Users/mikkey_frolkin/caffio-project/frontend/node_modules/@swc/core-linux-x64-musl'
22 silly reify ]
23 verbose reify failed optional dependency /Users/mikkey_frolkin/caffio-project/frontend/node_modules/@swc/core-linux-x64-gnu
24 silly reify mark deleted [
24 silly reify   '/Users/mikkey_frolkin/caffio-project/frontend/node_modules/@swc/core-linux-x64-gnu'
24 silly reify ]
25 verbose reify failed optional dependency /Users/mikkey_frolkin/caffio-project/frontend/node_modules/@swc/core-linux-arm64-musl
26 silly reify mark deleted [
26 silly reify   '/Users/mikkey_frolkin/caffio-project/frontend/node_modules/@swc/core-linux-arm64-musl'
26 silly reify ]
27 verbose reify failed optional dependency /Users/mikkey_frolkin/caffio-project/frontend/node_modules/@swc/core-linux-arm64-gnu
28 silly reify mark deleted [
28 silly reify   '/Users/mikkey_frolkin/caffio-project/frontend/node_modules/@swc/core-linux-arm64-gnu'
28 silly reify ]
29 verbose reify failed optional dependency /Users/mikkey_frolkin/caffio-project/frontend/node_modules/@swc/core-linux-arm-gnueabihf
30 silly reify mark deleted [
30 silly reify   '/Users/mikkey_frolkin/caffio-project/frontend/node_modules/@swc/core-linux-arm-gnueabihf'
30 silly reify ]
31 verbose reify failed optional dependency /Users/mikkey_frolkin/caffio-project/frontend/node_modules/@swc/core-darwin-x64
32 silly reify mark deleted [
32 silly reify   '/Users/mikkey_frolkin/caffio-project/frontend/node_modules/@swc/core-darwin-x64'
32 silly reify ]
33 verbose reify failed optional dependency /Users/mikkey_frolkin/caffio-project/frontend/node_modules/@rollup/rollup-win32-x64-msvc
34 silly reify mark deleted [
34 silly reify   '/Users/mikkey_frolkin/caffio-project/frontend/node_modules/@rollup/rollup-win32-x64-msvc'
34 silly reify ]
35 verbose reify failed optional dependency /Users/mikkey_frolkin/caffio-project/frontend/node_modules/@rollup/rollup-win32-x64-gnu
36 silly reify mark deleted [
36 silly reify   '/Users/mikkey_frolkin/caffio-project/frontend/node_modules/@rollup/rollup-win32-x64-gnu'
36 silly reify ]
37 verbose reify failed optional dependency /Users/mikkey_frolkin/caffio-project/frontend/node_modules/@rollup/rollup-win32-ia32-msvc
38 silly reify mark deleted [
38 silly reify   '/Users/mikkey_frolkin/caffio-project/frontend/node_modules/@rollup/rollup-win32-ia32-msvc'
38 silly reify ]
39 verbose reify failed optional dependency /Users/mikkey_frolkin/caffio-project/frontend/node_modules/@rollup/rollup-win32-arm64-msvc
40 silly reify mark deleted [
40 silly reify   '/Users/mikkey_frolkin/caffio-project/frontend/node_modules/@rollup/rollup-win32-arm64-msvc'
40 silly reify ]
41 verbose reify failed optional dependency /Users/mikkey_frolkin/caffio-project/frontend/node_modules/@rollup/rollup-openharmony-arm64
42 silly reify mark deleted [
42 silly reify   '/Users/mikkey_frolkin/caffio-project/frontend/node_modules/@rollup/rollup-openharmony-arm64'
42 silly reify ]
43 verbose reify failed optional dependency /Users/mikkey_frolkin/caffio-project/frontend/node_modules/@rollup/rollup-linux-x64-musl
44 silly reify mark deleted [
44 silly reify   '/Users/mikkey_frolkin/caffio-project/frontend/node_modules/@rollup/rollup-linux-x64-musl'
44 silly reify ]
45 verbose reify failed optional dependency /Users/mikkey_frolkin/caffio-project/frontend/node_modules/@rollup/rollup-linux-x64-gnu
46 silly reify mark deleted [
46 silly reify   '/Users/mikkey_frolkin/caffio-project/frontend/node_modules/@rollup/rollup-linux-x64-gnu'
46 silly reify ]
47 verbose reify failed optional dependency /Users/mikkey_frolkin/caffio-project/frontend/node_modules/@rollup/rollup-linux-s390x-gnu
48 silly reify mark deleted [
48 silly reify   '/Users/mikkey_frolkin/caffio-project/frontend/node_modules/@rollup/rollup-linux-s390x-gnu'
48 silly reify ]
49 verbose reify failed optional dependency /Users/mikkey_frolkin/caffio-project/frontend/node_modules/@rollup/rollup-linux-riscv64-musl
50 silly reify mark deleted [
50 silly reify   '/Users/mikkey_frolkin/caffio-project/frontend/node_modules/@rollup/rollup-linux-riscv64-musl'
50 silly reify ]
51 verbose reify failed optional dependency /Users/mikkey_frolkin/caffio-project/frontend/node_modules/@rollup/rollup-linux-riscv64-gnu
52 silly reify mark deleted [
52 silly reify   '/Users/mikkey_frolkin/caffio-project/frontend/node_modules/@rollup/rollup-linux-riscv64-gnu'
52 silly reify ]
53 verbose reify failed optional dependency /Users/mikkey_frolkin/caffio-project/frontend/node_modules/@rollup/rollup-linux-ppc64-gnu
54 silly reify mark deleted [
54 silly reify   '/Users/mikkey_frolkin/caffio-project/frontend/node_modules/@rollup/rollup-linux-ppc64-gnu'
54 silly reify ]
55 verbose reify failed optional dependency /Users/mikkey_frolkin/caffio-project/frontend/node_modules/@rollup/rollup-linux-loong64-gnu
56 silly reify mark deleted [
56 silly reify   '/Users/mikkey_frolkin/caffio-project/frontend/node_modules/@rollup/rollup-linux-loong64-gnu'
56 silly reify ]
57 verbose reify failed optional dependency /Users/mikkey_frolkin/caffio-project/frontend/node_modules/@rollup/rollup-linux-arm64-musl
58 silly reify mark deleted [
58 silly reify   '/Users/mikkey_frolkin/caffio-project/frontend/node_modules/@rollup/rollup-linux-arm64-musl'
58 silly reify ]
59 verbose reify failed optional dependency /Users/mikkey_frolkin/caffio-project/frontend/node_modules/@rollup/rollup-linux-arm64-gnu
60 silly reify mark deleted [
60 silly reify   '/Users/mikkey_frolkin/caffio-project/frontend/node_modules/@rollup/rollup-linux-arm64-gnu'
60 silly reify ]
61 verbose reify failed optional dependency /Users/mikkey_frolkin/caffio-project/frontend/node_modules/@rollup/rollup-linux-arm-musleabihf
62 silly reify mark deleted [
62 silly reify   '/Users/mikkey_frolkin/caffio-project/frontend/node_modules/@rollup/rollup-linux-arm-musleabihf'
62 silly reify ]
63 verbose reify failed optional dependency /Users/mikkey_frolkin/caffio-project/frontend/node_modules/@rollup/rollup-linux-arm-gnueabihf
64 silly reify mark deleted [
64 silly reify   '/Users/mikkey_frolkin/caffio-project/frontend/node_modules/@rollup/rollup-linux-arm-gnueabihf'
64 silly reify ]
65 verbose reify failed optional dependency /Users/mikkey_frolkin/caffio-project/frontend/node_modules/@rollup/rollup-freebsd-x64
66 silly reify mark deleted [
66 silly reify   '/Users/mikkey_frolkin/caffio-project/frontend/node_modules/@rollup/rollup-freebsd-x64'
66 silly reify ]
67 verbose reify failed optional dependency /Users/mikkey_frolkin/caffio-project/frontend/node_modules/@rollup/rollup-freebsd-arm64
68 silly reify mark deleted [
68 silly reify   '/Users/mikkey_frolkin/caffio-project/frontend/node_modules/@rollup/rollup-freebsd-arm64'
68 silly reify ]
69 verbose reify failed optional dependency /Users/mikkey_frolkin/caffio-project/frontend/node_modules/@rollup/rollup-darwin-x64
70 silly reify mark deleted [
70 silly reify   '/Users/mikkey_frolkin/caffio-project/frontend/node_modules/@rollup/rollup-darwin-x64'
70 silly reify ]
71 verbose reify failed optional dependency /Users/mikkey_frolkin/caffio-project/frontend/node_modules/@rollup/rollup-android-arm64
72 silly reify mark deleted [
72 silly reify   '/Users/mikkey_frolkin/caffio-project/frontend/node_modules/@rollup/rollup-android-arm64'
72 silly reify ]
73 verbose reify failed optional dependency /Users/mikkey_frolkin/caffio-project/frontend/node_modules/@rollup/rollup-android-arm-eabi
74 silly reify mark deleted [
74 silly reify   '/Users/mikkey_frolkin/caffio-project/frontend/node_modules/@rollup/rollup-android-arm-eabi'
74 silly reify ]
75 verbose reify failed optional dependency /Users/mikkey_frolkin/caffio-project/frontend/node_modules/@esbuild/win32-x64
76 silly reify mark deleted [
76 silly reify   '/Users/mikkey_frolkin/caffio-project/frontend/node_modules/@esbuild/win32-x64'
76 silly reify ]
77 verbose reify failed optional dependency /Users/mikkey_frolkin/caffio-project/frontend/node_modules/@esbuild/win32-ia32
78 silly reify mark deleted [
78 silly reify   '/Users/mikkey_frolkin/caffio-project/frontend/node_modules/@esbuild/win32-ia32'
78 silly reify ]
79 verbose reify failed optional dependency /Users/mikkey_frolkin/caffio-project/frontend/node_modules/@esbuild/win32-arm64
80 silly reify mark deleted [
80 silly reify   '/Users/mikkey_frolkin/caffio-project/frontend/node_modules/@esbuild/win32-arm64'
80 silly reify ]
81 verbose reify failed optional dependency /Users/mikkey_frolkin/caffio-project/frontend/node_modules/@esbuild/sunos-x64
82 silly reify mark deleted [
82 silly reify   '/Users/mikkey_frolkin/caffio-project/frontend/node_modules/@esbuild/sunos-x64'
82 silly reify ]
83 verbose reify failed optional dependency /Users/mikkey_frolkin/caffio-project/frontend/node_modules/@esbuild/openharmony-arm64
84 silly reify mark deleted [
84 silly reify   '/Users/mikkey_frolkin/caffio-project/frontend/node_modules/@esbuild/openharmony-arm64'
84 silly reify ]
85 verbose reify failed optional dependency /Users/mikkey_frolkin/caffio-project/frontend/node_modules/@esbuild/openbsd-x64
86 silly reify mark deleted [
86 silly reify   '/Users/mikkey_frolkin/caffio-project/frontend/node_modules/@esbuild/openbsd-x64'
86 silly reify ]
87 verbose reify failed optional dependency /Users/mikkey_frolkin/caffio-project/frontend/node_modules/@esbuild/openbsd-arm64
88 silly reify mark deleted [
88 silly reify   '/Users/mikkey_frolkin/caffio-project/frontend/node_modules/@esbuild/openbsd-arm64'
88 silly reify ]
89 verbose reify failed optional dependency /Users/mikkey_frolkin/caffio-project/frontend/node_modules/@esbuild/netbsd-x64
90 silly reify mark deleted [
90 silly reify   '/Users/mikkey_frolkin/caffio-project/frontend/node_modules/@esbuild/netbsd-x64'
90 silly reify ]
91 verbose reify failed optional dependency /Users/mikkey_frolkin/caffio-project/frontend/node_modules/@esbuild/netbsd-arm64
92 silly reify mark deleted [
92 silly reify   '/Users/mikkey_frolkin/caffio-project/frontend/node_modules/@esbuild/netbsd-arm64'
92 silly reify ]
93 verbose reify failed optional dependency /Users/mikkey_frolkin/caffio-project/frontend/node_modules/@esbuild/linux-x64
94 silly reify mark deleted [
94 silly reify   '/Users/mikkey_frolkin/caffio-project/frontend/node_modules/@esbuild/linux-x64'
94 silly reify ]
95 verbose reify failed optional dependency /Users/mikkey_frolkin/caffio-project/frontend/node_modules/@esbuild/linux-s390x
96 silly reify mark deleted [
96 silly reify   '/Users/mikkey_frolkin/caffio-project/frontend/node_modules/@esbuild/linux-s390x'
96 silly reify ]
97 verbose reify failed optional dependency /Users/mikkey_frolkin/caffio-project/frontend/node_modules/@esbuild/linux-riscv64
98 silly reify mark deleted [
98 silly reify   '/Users/mikkey_frolkin/caffio-project/frontend/node_modules/@esbuild/linux-riscv64'
98 silly reify ]
99 verbose reify failed optional dependency /Users/mikkey_frolkin/caffio-project/frontend/node_modules/@esbuild/linux-ppc64
100 silly reify mark deleted [
100 silly reify   '/Users/mikkey_frolkin/caffio-project/frontend/node_modules/@esbuild/linux-ppc64'
100 silly reify ]
101 verbose reify failed optional dependency /Users/mikkey_frolkin/caffio-project/frontend/node_modules/@esbuild/linux-mips64el
102 silly reify mark deleted [
102 silly reify   '/Users/mikkey_frolkin/caffio-project/frontend/node_modules/@esbuild/linux-mips64el'
102 silly reify ]
103 verbose reify failed optional dependency /Users/mikkey_frolkin/caffio-project/frontend/node_modules/@esbuild/linux-loong64
104 silly reify mark deleted [
104 silly reify   '/Users/mikkey_frolkin/caffio-project/frontend/node_modules/@esbuild/linux-loong64'
104 silly reify ]
105 verbose reify failed optional dependency /Users/mikkey_frolkin/caffio-project/frontend/node_modules/@esbuild/linux-ia32
106 silly reify mark deleted [
106 silly reify   '/Users/mikkey_frolkin/caffio-project/frontend/node_modules/@esbuild/linux-ia32'
106 silly reify ]
107 verbose reify failed optional dependency /Users/mikkey_frolkin/caffio-project/frontend/node_modules/@esbuild/linux-arm64
108 silly reify mark deleted [
108 silly reify   '/Users/mikkey_frolkin/caffio-project/frontend/node_modules/@esbuild/linux-arm64'
108 silly reify ]
109 verbose reify failed optional dependency /Users/mikkey_frolkin/caffio-project/frontend/node_modules/@esbuild/linux-arm
110 silly reify mark deleted [
110 silly reify   '/Users/mikkey_frolkin/caffio-project/frontend/node_modules/@esbuild/linux-arm'
110 silly reify ]
111 verbose reify failed optional dependency /Users/mikkey_frolkin/caffio-project/frontend/node_modules/@esbuild/freebsd-x64
112 silly reify mark deleted [
112 silly reify   '/Users/mikkey_frolkin/caffio-project/frontend/node_modules/@esbuild/freebsd-x64'
112 silly reify ]
113 verbose reify failed optional dependency /Users/mikkey_frolkin/caffio-project/frontend/node_modules/@esbuild/freebsd-arm64
114 silly reify mark deleted [
114 silly reify   '/Users/mikkey_frolkin/caffio-project/frontend/node_modules/@esbuild/freebsd-arm64'
114 silly reify ]
115 verbose reify failed optional dependency /Users/mikkey_frolkin/caffio-project/frontend/node_modules/@esbuild/darwin-x64
116 silly reify mark deleted [
116 silly reify   '/Users/mikkey_frolkin/caffio-project/frontend/node_modules/@esbuild/darwin-x64'
116 silly reify ]
117 verbose reify failed optional dependency /Users/mikkey_frolkin/caffio-project/frontend/node_modules/@esbuild/android-x64
118 silly reify mark deleted [
118 silly reify   '/Users/mikkey_frolkin/caffio-project/frontend/node_modules/@esbuild/android-x64'
118 silly reify ]
119 verbose reify failed optional dependency /Users/mikkey_frolkin/caffio-project/frontend/node_modules/@esbuild/android-arm64
120 silly reify mark deleted [
120 silly reify   '/Users/mikkey_frolkin/caffio-project/frontend/node_modules/@esbuild/android-arm64'
120 silly reify ]
121 verbose reify failed optional dependency /Users/mikkey_frolkin/caffio-project/frontend/node_modules/@esbuild/android-arm
122 silly reify mark deleted [
122 silly reify   '/Users/mikkey_frolkin/caffio-project/frontend/node_modules/@esbuild/android-arm'
122 silly reify ]
123 verbose reify failed optional dependency /Users/mikkey_frolkin/caffio-project/frontend/node_modules/@esbuild/aix-ppc64
124 silly reify mark deleted [
124 silly reify   '/Users/mikkey_frolkin/caffio-project/frontend/node_modules/@esbuild/aix-ppc64'
124 silly reify ]
125 http cache vite@https://registry.npmjs.org/vite/-/vite-6.3.5.tgz 1ms (cache hit)
126 http cache use-callback-ref@https://registry.npmjs.org/use-callback-ref/-/use-callback-ref-1.3.3.tgz 0ms (cache hit)
127 http cache vaul@https://registry.npmjs.org/vaul/-/vaul-1.1.2.tgz 0ms (cache hit)
128 http cache use-sync-external-store@https://registry.npmjs.org/use-sync-external-store/-/use-sync-external-store-1.6.0.tgz 0ms (cache hit)
129 http cache undici-types@https://registry.npmjs.org/undici-types/-/undici-types-6.21.0.tgz 0ms (cache hit)
130 http cache use-sidecar@https://registry.npmjs.org/use-sidecar/-/use-sidecar-1.1.3.tgz 0ms (cache hit)
131 http cache typescript@https://registry.npmjs.org/typescript/-/typescript-5.9.3.tgz 0ms (cache hit)
132 http cache tiny-invariant@https://registry.npmjs.org/tiny-invariant/-/tiny-invariant-1.3.3.tgz 0ms (cache hit)
133 http cache tinyglobby@https://registry.npmjs.org/tinyglobby/-/tinyglobby-0.2.15.tgz 0ms (cache hit)
134 http cache source-map-js@https://registry.npmjs.org/source-map-js/-/source-map-js-1.2.1.tgz 0ms (cache hit)
135 http cache tslib@https://registry.npmjs.org/tslib/-/tslib-2.8.1.tgz 0ms (cache hit)
136 http cache scheduler@https://registry.npmjs.org/scheduler/-/scheduler-0.23.2.tgz 0ms (cache hit)
137 http cache sonner@https://registry.npmjs.org/sonner/-/sonner-2.0.7.tgz 0ms (cache hit)
138 http cache tailwind-merge@https://registry.npmjs.org/tailwind-merge/-/tailwind-merge-3.3.1.tgz 0ms (cache hit)
139 http cache rollup@https://registry.npmjs.org/rollup/-/rollup-4.52.5.tgz 0ms (cache hit)
140 http cache recharts-scale@https://registry.npmjs.org/recharts-scale/-/recharts-scale-0.4.5.tgz 0ms (cache hit)
141 http cache victory-vendor@https://registry.npmjs.org/victory-vendor/-/victory-vendor-36.9.2.tgz 0ms (cache hit)
142 http cache react-style-singleton@https://registry.npmjs.org/react-style-singleton/-/react-style-singleton-2.2.3.tgz 0ms (cache hit)
143 http cache react-transition-group@https://registry.npmjs.org/react-transition-group/-/react-transition-group-4.4.5.tgz 0ms (cache hit)
144 http cache react-smooth@https://registry.npmjs.org/react-smooth/-/react-smooth-4.0.4.tgz 0ms (cache hit)
145 http cache react-resizable-panels@https://registry.npmjs.org/react-resizable-panels/-/react-resizable-panels-2.1.9.tgz 0ms (cache hit)
146 http cache react-hook-form@https://registry.npmjs.org/react-hook-form/-/react-hook-form-7.65.0.tgz 0ms (cache hit)
147 http cache react-remove-scroll-bar@https://registry.npmjs.org/react-remove-scroll-bar/-/react-remove-scroll-bar-2.3.8.tgz 0ms (cache hit)
148 http cache react-dom@https://registry.npmjs.org/react-dom/-/react-dom-18.3.1.tgz 0ms (cache hit)
149 http cache react@https://registry.npmjs.org/react/-/react-18.3.1.tgz 0ms (cache hit)
150 http cache react-remove-scroll@https://registry.npmjs.org/react-remove-scroll/-/react-remove-scroll-2.7.1.tgz 0ms (cache hit)
151 http cache react-day-picker@https://registry.npmjs.org/react-day-picker/-/react-day-picker-8.10.1.tgz 0ms (cache hit)
152 http cache prop-types@https://registry.npmjs.org/prop-types/-/prop-types-15.8.1.tgz 0ms (cache hit)
153 http cache postcss@https://registry.npmjs.org/postcss/-/postcss-8.5.6.tgz 0ms (cache hit)
154 http cache recharts@https://registry.npmjs.org/recharts/-/recharts-2.15.4.tgz 0ms (cache hit)
155 http cache picocolors@https://registry.npmjs.org/picocolors/-/picocolors-1.1.1.tgz 0ms (cache hit)
156 http cache next-themes@https://registry.npmjs.org/next-themes/-/next-themes-0.4.6.tgz 0ms (cache hit)
157 http cache nanoid@https://registry.npmjs.org/nanoid/-/nanoid-3.3.11.tgz 0ms (cache hit)
158 http cache lucide-react@https://registry.npmjs.org/lucide-react/-/lucide-react-0.487.0.tgz 0ms (cache hit)
159 http cache loose-envify@https://registry.npmjs.org/loose-envify/-/loose-envify-1.4.0.tgz 0ms (cache hit)
160 http cache picomatch@https://registry.npmjs.org/picomatch/-/picomatch-4.0.3.tgz 0ms (cache hit)
161 http cache js-tokens@https://registry.npmjs.org/js-tokens/-/js-tokens-4.0.0.tgz 0ms (cache hit)
162 http cache input-otp@https://registry.npmjs.org/input-otp/-/input-otp-1.4.2.tgz 0ms (cache hit)
163 http cache internmap@https://registry.npmjs.org/internmap/-/internmap-2.0.3.tgz 0ms (cache hit)
164 http cache fsevents@https://registry.npmjs.org/fsevents/-/fsevents-2.3.3.tgz 0ms (cache hit)
165 http cache get-nonce@https://registry.npmjs.org/get-nonce/-/get-nonce-1.0.1.tgz 0ms (cache hit)
166 http cache fast-equals@https://registry.npmjs.org/fast-equals/-/fast-equals-5.3.2.tgz 0ms (cache hit)
167 http cache lodash@https://registry.npmjs.org/lodash/-/lodash-4.17.21.tgz 0ms (cache hit)
168 http cache fdir@https://registry.npmjs.org/fdir/-/fdir-6.5.0.tgz 0ms (cache hit)
169 http cache react-is@https://registry.npmjs.org/react-is/-/react-is-18.3.1.tgz 0ms (cache hit)
170 http cache eventemitter3@https://registry.npmjs.org/eventemitter3/-/eventemitter3-4.0.7.tgz 0ms (cache hit)
171 http cache esbuild@https://registry.npmjs.org/esbuild/-/esbuild-0.25.11.tgz 0ms (cache hit)
172 http cache embla-carousel@https://registry.npmjs.org/embla-carousel/-/embla-carousel-8.6.0.tgz 0ms (cache hit)
173 http cache dom-helpers@https://registry.npmjs.org/dom-helpers/-/dom-helpers-5.2.1.tgz 0ms (cache hit)
174 http cache embla-carousel-reactive-utils@https://registry.npmjs.org/embla-carousel-reactive-utils/-/embla-carousel-reactive-utils-8.6.0.tgz 0ms (cache hit)
175 http cache embla-carousel-react@https://registry.npmjs.org/embla-carousel-react/-/embla-carousel-react-8.6.0.tgz 0ms (cache hit)
176 http cache detect-node-es@https://registry.npmjs.org/detect-node-es/-/detect-node-es-1.1.0.tgz 0ms (cache hit)
177 http cache decimal.js-light@https://registry.npmjs.org/decimal.js-light/-/decimal.js-light-2.5.1.tgz 0ms (cache hit)
178 http cache d3-timer@https://registry.npmjs.org/d3-timer/-/d3-timer-3.0.1.tgz 0ms (cache hit)
179 http cache d3-time@https://registry.npmjs.org/d3-time/-/d3-time-3.1.0.tgz 0ms (cache hit)
180 http cache date-fns@https://registry.npmjs.org/date-fns/-/date-fns-3.6.0.tgz 0ms (cache hit)
181 http cache d3-time-format@https://registry.npmjs.org/d3-time-format/-/d3-time-format-4.1.0.tgz 0ms (cache hit)
182 http cache d3-shape@https://registry.npmjs.org/d3-shape/-/d3-shape-3.2.0.tgz 0ms (cache hit)
183 http cache d3-scale@https://registry.npmjs.org/d3-scale/-/d3-scale-4.0.2.tgz 0ms (cache hit)
184 http cache d3-interpolate@https://registry.npmjs.org/d3-interpolate/-/d3-interpolate-3.0.1.tgz 0ms (cache hit)
185 http cache d3-color@https://registry.npmjs.org/d3-color/-/d3-color-3.1.0.tgz 0ms (cache hit)
186 http cache d3-path@https://registry.npmjs.org/d3-path/-/d3-path-3.1.0.tgz 0ms (cache hit)
187 http cache object-assign@https://registry.npmjs.org/object-assign/-/object-assign-4.1.1.tgz 0ms (cache hit)
188 http cache csstype@https://registry.npmjs.org/csstype/-/csstype-3.1.3.tgz 0ms (cache hit)
189 http cache d3-format@https://registry.npmjs.org/d3-format/-/d3-format-3.1.0.tgz 0ms (cache hit)
190 http cache clsx@https://registry.npmjs.org/clsx/-/clsx-2.1.1.tgz 0ms (cache hit)
191 http cache d3-array@https://registry.npmjs.org/d3-array/-/d3-array-3.2.4.tgz 0ms (cache hit)
192 http cache @types/react-dom@https://registry.npmjs.org/@types/react-dom/-/react-dom-19.2.2.tgz 0ms (cache hit)
193 http cache d3-ease@https://registry.npmjs.org/d3-ease/-/d3-ease-3.0.1.tgz 0ms (cache hit)
194 http cache aria-hidden@https://registry.npmjs.org/aria-hidden/-/aria-hidden-1.2.6.tgz 0ms (cache hit)
195 http cache @types/node@https://registry.npmjs.org/@types/node/-/node-20.19.23.tgz 0ms (cache hit)
196 http cache @types/d3-timer@https://registry.npmjs.org/@types/d3-timer/-/d3-timer-3.0.2.tgz 0ms (cache hit)
197 http cache @types/estree@https://registry.npmjs.org/@types/estree/-/estree-1.0.8.tgz 0ms (cache hit)
198 http cache @types/react@https://registry.npmjs.org/@types/react/-/react-19.2.2.tgz 0ms (cache hit)
199 http cache @types/d3-shape@https://registry.npmjs.org/@types/d3-shape/-/d3-shape-3.1.7.tgz 0ms (cache hit)
200 http cache @vitejs/plugin-react-swc@https://registry.npmjs.org/@vitejs/plugin-react-swc/-/plugin-react-swc-3.11.0.tgz 0ms (cache hit)
201 http cache @types/d3-scale@https://registry.npmjs.org/@types/d3-scale/-/d3-scale-4.0.9.tgz 0ms (cache hit)
202 http cache @types/d3-time@https://registry.npmjs.org/@types/d3-time/-/d3-time-3.0.4.tgz 0ms (cache hit)
203 http cache @types/d3-interpolate@https://registry.npmjs.org/@types/d3-interpolate/-/d3-interpolate-3.0.4.tgz 1ms (cache hit)
204 http cache @types/d3-path@https://registry.npmjs.org/@types/d3-path/-/d3-path-3.1.1.tgz 0ms (cache hit)
205 http cache @types/d3-ease@https://registry.npmjs.org/@types/d3-ease/-/d3-ease-3.0.2.tgz 0ms (cache hit)
206 http cache @types/d3-color@https://registry.npmjs.org/@types/d3-color/-/d3-color-3.1.3.tgz 0ms (cache hit)
207 http cache @swc/types@https://registry.npmjs.org/@swc/types/-/types-0.1.25.tgz 0ms (cache hit)
208 http cache @swc/core-darwin-arm64@https://registry.npmjs.org/@swc/core-darwin-arm64/-/core-darwin-arm64-1.13.5.tgz 0ms (cache hit)
209 http cache @swc/counter@https://registry.npmjs.org/@swc/counter/-/counter-0.1.3.tgz 0ms (cache hit)
210 http cache @types/d3-array@https://registry.npmjs.org/@types/d3-array/-/d3-array-3.2.2.tgz 0ms (cache hit)
211 http cache @swc/core@https://registry.npmjs.org/@swc/core/-/core-1.13.5.tgz 0ms (cache hit)
212 http cache @rollup/rollup-darwin-arm64@https://registry.npmjs.org/@rollup/rollup-darwin-arm64/-/rollup-darwin-arm64-4.52.5.tgz 0ms (cache hit)
213 http cache @radix-ui/rect@https://registry.npmjs.org/@radix-ui/rect/-/rect-1.1.1.tgz 0ms (cache hit)
214 http cache class-variance-authority@https://registry.npmjs.org/class-variance-authority/-/class-variance-authority-0.7.1.tgz 0ms (cache hit)
215 http cache @rolldown/pluginutils@https://registry.npmjs.org/@rolldown/pluginutils/-/pluginutils-1.0.0-beta.27.tgz 0ms (cache hit)
216 http cache @radix-ui/react-use-previous@https://registry.npmjs.org/@radix-ui/react-use-previous/-/react-use-previous-1.1.1.tgz 0ms (cache hit)
217 http cache @radix-ui/react-visually-hidden@https://registry.npmjs.org/@radix-ui/react-visually-hidden/-/react-visually-hidden-1.2.3.tgz 0ms (cache hit)
218 http cache @radix-ui/react-use-rect@https://registry.npmjs.org/@radix-ui/react-use-rect/-/react-use-rect-1.1.1.tgz 0ms (cache hit)
219 http cache @radix-ui/react-use-escape-keydown@https://registry.npmjs.org/@radix-ui/react-use-escape-keydown/-/react-use-escape-keydown-1.1.1.tgz 0ms (cache hit)
220 http cache @radix-ui/react-use-layout-effect@https://registry.npmjs.org/@radix-ui/react-use-layout-effect/-/react-use-layout-effect-1.1.1.tgz 0ms (cache hit)
221 http cache @radix-ui/react-use-size@https://registry.npmjs.org/@radix-ui/react-use-size/-/react-use-size-1.1.1.tgz 0ms (cache hit)
222 http cache @radix-ui/react-use-is-hydrated@https://registry.npmjs.org/@radix-ui/react-use-is-hydrated/-/react-use-is-hydrated-0.1.0.tgz 0ms (cache hit)
223 http cache @radix-ui/react-use-controllable-state@https://registry.npmjs.org/@radix-ui/react-use-controllable-state/-/react-use-controllable-state-1.2.2.tgz 0ms (cache hit)
224 http cache @radix-ui/react-use-effect-event@https://registry.npmjs.org/@radix-ui/react-use-effect-event/-/react-use-effect-event-0.0.2.tgz 0ms (cache hit)
225 http cache @radix-ui/react-toggle-group@https://registry.npmjs.org/@radix-ui/react-toggle-group/-/react-toggle-group-1.1.11.tgz 0ms (cache hit)
226 http cache @radix-ui/react-use-callback-ref@https://registry.npmjs.org/@radix-ui/react-use-callback-ref/-/react-use-callback-ref-1.1.1.tgz 0ms (cache hit)
227 http cache @radix-ui/react-toggle@https://registry.npmjs.org/@radix-ui/react-toggle/-/react-toggle-1.1.10.tgz 0ms (cache hit)
228 http cache @radix-ui/react-tabs@https://registry.npmjs.org/@radix-ui/react-tabs/-/react-tabs-1.1.13.tgz 0ms (cache hit)
229 http cache @radix-ui/react-separator@https://registry.npmjs.org/@radix-ui/react-separator/-/react-separator-1.1.7.tgz 0ms (cache hit)
230 http cache @radix-ui/react-tooltip@https://registry.npmjs.org/@radix-ui/react-tooltip/-/react-tooltip-1.2.8.tgz 0ms (cache hit)
231 http cache @radix-ui/react-switch@https://registry.npmjs.org/@radix-ui/react-switch/-/react-switch-1.2.6.tgz 0ms (cache hit)
232 http cache @radix-ui/react-slider@https://registry.npmjs.org/@radix-ui/react-slider/-/react-slider-1.3.6.tgz 0ms (cache hit)
233 http cache @radix-ui/react-slot@https://registry.npmjs.org/@radix-ui/react-slot/-/react-slot-1.2.3.tgz 0ms (cache hit)
234 http cache @radix-ui/react-progress@https://registry.npmjs.org/@radix-ui/react-progress/-/react-progress-1.1.7.tgz 0ms (cache hit)
235 http cache @radix-ui/react-roving-focus@https://registry.npmjs.org/@radix-ui/react-roving-focus/-/react-roving-focus-1.1.11.tgz 0ms (cache hit)
236 http cache @radix-ui/react-radio-group@https://registry.npmjs.org/@radix-ui/react-radio-group/-/react-radio-group-1.3.8.tgz 0ms (cache hit)
237 http cache @radix-ui/react-scroll-area@https://registry.npmjs.org/@radix-ui/react-scroll-area/-/react-scroll-area-1.2.10.tgz 0ms (cache hit)
238 http cache @radix-ui/react-presence@https://registry.npmjs.org/@radix-ui/react-presence/-/react-presence-1.1.5.tgz 0ms (cache hit)
239 http cache @radix-ui/react-primitive@https://registry.npmjs.org/@radix-ui/react-primitive/-/react-primitive-2.1.3.tgz 0ms (cache hit)
240 http cache @radix-ui/react-popper@https://registry.npmjs.org/@radix-ui/react-popper/-/react-popper-1.2.8.tgz 0ms (cache hit)
241 http cache @radix-ui/react-portal@https://registry.npmjs.org/@radix-ui/react-portal/-/react-portal-1.1.9.tgz 0ms (cache hit)
242 http cache @radix-ui/react-popover@https://registry.npmjs.org/@radix-ui/react-popover/-/react-popover-1.1.15.tgz 0ms (cache hit)
243 http cache @radix-ui/react-navigation-menu@https://registry.npmjs.org/@radix-ui/react-navigation-menu/-/react-navigation-menu-1.2.14.tgz 0ms (cache hit)
244 http cache @radix-ui/react-menu@https://registry.npmjs.org/@radix-ui/react-menu/-/react-menu-2.1.16.tgz 0ms (cache hit)
245 http cache @radix-ui/react-id@https://registry.npmjs.org/@radix-ui/react-id/-/react-id-1.1.1.tgz 0ms (cache hit)
246 http cache @radix-ui/react-focus-scope@https://registry.npmjs.org/@radix-ui/react-focus-scope/-/react-focus-scope-1.1.7.tgz 0ms (cache hit)
247 http cache @radix-ui/react-focus-guards@https://registry.npmjs.org/@radix-ui/react-focus-guards/-/react-focus-guards-1.1.3.tgz 0ms (cache hit)
248 http cache @radix-ui/react-hover-card@https://registry.npmjs.org/@radix-ui/react-hover-card/-/react-hover-card-1.1.15.tgz 0ms (cache hit)
249 http cache @radix-ui/react-dropdown-menu@https://registry.npmjs.org/@radix-ui/react-dropdown-menu/-/react-dropdown-menu-2.1.16.tgz 0ms (cache hit)
250 http cache @radix-ui/react-dialog@https://registry.npmjs.org/@radix-ui/react-dialog/-/react-dialog-1.1.15.tgz 0ms (cache hit)
251 http cache @radix-ui/react-direction@https://registry.npmjs.org/@radix-ui/react-direction/-/react-direction-1.1.1.tgz 0ms (cache hit)
252 http cache @radix-ui/react-menubar@https://registry.npmjs.org/@radix-ui/react-menubar/-/react-menubar-1.1.16.tgz 0ms (cache hit)
253 http cache cmdk@https://registry.npmjs.org/cmdk/-/cmdk-1.1.1.tgz 1ms (cache hit)
254 http cache @radix-ui/react-context-menu@https://registry.npmjs.org/@radix-ui/react-context-menu/-/react-context-menu-2.2.16.tgz 0ms (cache hit)
255 http cache @radix-ui/react-compose-refs@https://registry.npmjs.org/@radix-ui/react-compose-refs/-/react-compose-refs-1.1.2.tgz 0ms (cache hit)
256 http cache @radix-ui/react-context@https://registry.npmjs.org/@radix-ui/react-context/-/react-context-1.1.2.tgz 0ms (cache hit)
257 http cache @radix-ui/react-label@https://registry.npmjs.org/@radix-ui/react-label/-/react-label-2.1.7.tgz 0ms (cache hit)
258 http cache @radix-ui/react-collapsible@https://registry.npmjs.org/@radix-ui/react-collapsible/-/react-collapsible-1.1.12.tgz 0ms (cache hit)
259 http cache @radix-ui/react-collection@https://registry.npmjs.org/@radix-ui/react-collection/-/react-collection-1.1.7.tgz 0ms (cache hit)
260 http cache @radix-ui/react-avatar@https://registry.npmjs.org/@radix-ui/react-avatar/-/react-avatar-1.1.10.tgz 0ms (cache hit)
261 http cache @radix-ui/react-select@https://registry.npmjs.org/@radix-ui/react-select/-/react-select-2.2.6.tgz 0ms (cache hit)
262 http cache @radix-ui/react-arrow@https://registry.npmjs.org/@radix-ui/react-arrow/-/react-arrow-1.1.7.tgz 0ms (cache hit)
263 http cache @radix-ui/react-alert-dialog@https://registry.npmjs.org/@radix-ui/react-alert-dialog/-/react-alert-dialog-1.1.15.tgz 0ms (cache hit)
264 http cache @radix-ui/react-dismissable-layer@https://registry.npmjs.org/@radix-ui/react-dismissable-layer/-/react-dismissable-layer-1.1.11.tgz 0ms (cache hit)
265 http cache @floating-ui/react-dom@https://registry.npmjs.org/@floating-ui/react-dom/-/react-dom-2.1.6.tgz 0ms (cache hit)
266 http cache @radix-ui/react-aspect-ratio@https://registry.npmjs.org/@radix-ui/react-aspect-ratio/-/react-aspect-ratio-1.1.7.tgz 0ms (cache hit)
267 http cache @radix-ui/number@https://registry.npmjs.org/@radix-ui/number/-/number-1.1.1.tgz 0ms (cache hit)
268 http cache @floating-ui/dom@https://registry.npmjs.org/@floating-ui/dom/-/dom-1.7.4.tgz 0ms (cache hit)
269 http cache @radix-ui/primitive@https://registry.npmjs.org/@radix-ui/primitive/-/primitive-1.1.3.tgz 0ms (cache hit)
270 http cache @floating-ui/core@https://registry.npmjs.org/@floating-ui/core/-/core-1.7.3.tgz 0ms (cache hit)
271 http cache @babel/runtime@https://registry.npmjs.org/@babel/runtime/-/runtime-7.28.4.tgz 0ms (cache hit)
272 http cache @esbuild/darwin-arm64@https://registry.npmjs.org/@esbuild/darwin-arm64/-/darwin-arm64-0.25.11.tgz 0ms (cache hit)
273 http cache @radix-ui/react-accordion@https://registry.npmjs.org/@radix-ui/react-accordion/-/react-accordion-1.2.12.tgz 0ms (cache hit)
274 http cache @radix-ui/react-checkbox@https://registry.npmjs.org/@radix-ui/react-checkbox/-/react-checkbox-1.3.3.tgz 0ms (cache hit)
275 http cache react-is@https://registry.npmjs.org/react-is/-/react-is-16.13.1.tgz 0ms (cache hit)
276 http cache @floating-ui/utils@https://registry.npmjs.org/@floating-ui/utils/-/utils-0.2.10.tgz 0ms (cache hit)
277 info run @swc/core@1.13.5 postinstall node_modules/@swc/core node postinstall.js
278 info run esbuild@0.25.11 postinstall node_modules/esbuild node install.js
279 info run @swc/core@1.13.5 postinstall { code: 0, signal: null }
280 info run esbuild@0.25.11 postinstall { code: 0, signal: null }
281 silly ADD node_modules/vite
282 silly ADD node_modules/victory-vendor
283 silly ADD node_modules/vaul
284 silly ADD node_modules/use-sync-external-store
285 silly ADD node_modules/use-sidecar
286 silly ADD node_modules/use-callback-ref
287 silly ADD node_modules/undici-types
288 silly ADD node_modules/typescript
289 silly ADD node_modules/tslib
290 silly ADD node_modules/tinyglobby
291 silly ADD node_modules/tiny-invariant
292 silly ADD node_modules/tailwind-merge
293 silly ADD node_modules/source-map-js
294 silly ADD node_modules/sonner
295 silly ADD node_modules/scheduler
296 silly ADD node_modules/rollup
297 silly ADD node_modules/recharts-scale
298 silly ADD node_modules/recharts
299 silly ADD node_modules/react-transition-group
300 silly ADD node_modules/react-style-singleton
301 silly ADD node_modules/react-smooth
302 silly ADD node_modules/react-resizable-panels
303 silly ADD node_modules/react-remove-scroll-bar
304 silly ADD node_modules/react-remove-scroll
305 silly ADD node_modules/react-is
306 silly ADD node_modules/react-hook-form
307 silly ADD node_modules/react-dom
308 silly ADD node_modules/react-day-picker
309 silly ADD node_modules/react
310 silly ADD node_modules/prop-types
311 silly ADD node_modules/prop-types/node_modules/react-is
312 silly ADD node_modules/postcss
313 silly ADD node_modules/picomatch
314 silly ADD node_modules/picocolors
315 silly ADD node_modules/object-assign
316 silly ADD node_modules/next-themes
317 silly ADD node_modules/nanoid
318 silly ADD node_modules/lucide-react
319 silly ADD node_modules/loose-envify
320 silly ADD node_modules/lodash
321 silly ADD node_modules/js-tokens
322 silly ADD node_modules/internmap
323 silly ADD node_modules/input-otp
324 silly ADD node_modules/get-nonce
325 silly ADD node_modules/fsevents
326 silly ADD node_modules/fdir
327 silly ADD node_modules/fast-equals
328 silly ADD node_modules/eventemitter3
329 silly ADD node_modules/esbuild
330 silly ADD node_modules/embla-carousel-reactive-utils
331 silly ADD node_modules/embla-carousel-react
332 silly ADD node_modules/embla-carousel
333 silly ADD node_modules/dom-helpers
334 silly ADD node_modules/detect-node-es
335 silly ADD node_modules/decimal.js-light
336 silly ADD node_modules/date-fns
337 silly ADD node_modules/d3-timer
338 silly ADD node_modules/d3-time-format
339 silly ADD node_modules/d3-time
340 silly ADD node_modules/d3-shape
341 silly ADD node_modules/d3-scale
342 silly ADD node_modules/d3-path
343 silly ADD node_modules/d3-interpolate
344 silly ADD node_modules/d3-format
345 silly ADD node_modules/d3-ease
346 silly ADD node_modules/d3-color
347 silly ADD node_modules/d3-array
348 silly ADD node_modules/csstype
349 silly ADD node_modules/cmdk
350 silly ADD node_modules/clsx
351 silly ADD node_modules/class-variance-authority
352 silly ADD node_modules/aria-hidden
353 silly ADD node_modules/@vitejs/plugin-react-swc
354 silly ADD node_modules/@types/react-dom
355 silly ADD node_modules/@types/react
356 silly ADD node_modules/@types/node
357 silly ADD node_modules/@types/estree
358 silly ADD node_modules/@types/d3-timer
359 silly ADD node_modules/@types/d3-time
360 silly ADD node_modules/@types/d3-shape
361 silly ADD node_modules/@types/d3-scale
362 silly ADD node_modules/@types/d3-path
363 silly ADD node_modules/@types/d3-interpolate
364 silly ADD node_modules/@types/d3-ease
365 silly ADD node_modules/@types/d3-color
366 silly ADD node_modules/@types/d3-array
367 silly ADD node_modules/@swc/types
368 silly ADD node_modules/@swc/counter
369 silly ADD
370 silly ADD
371 silly ADD
372 silly ADD
373 silly ADD
374 silly ADD
375 silly ADD
376 silly ADD
377 silly ADD
378 silly ADD node_modules/@swc/core-darwin-arm64
379 silly ADD node_modules/@swc/core
380 silly ADD
381 silly ADD
382 silly ADD
383 silly ADD
384 silly ADD
385 silly ADD
386 silly ADD
387 silly ADD
388 silly ADD
389 silly ADD
390 silly ADD
391 silly ADD
392 silly ADD
393 silly ADD
394 silly ADD
395 silly ADD
396 silly ADD
397 silly ADD
398 silly ADD
399 silly ADD node_modules/@rollup/rollup-darwin-arm64
400 silly ADD
401 silly ADD
402 silly ADD node_modules/@rolldown/pluginutils
403 silly ADD node_modules/@radix-ui/rect
404 silly ADD node_modules/@radix-ui/react-visually-hidden
405 silly ADD node_modules/@radix-ui/react-use-size
406 silly ADD node_modules/@radix-ui/react-use-rect
407 silly ADD node_modules/@radix-ui/react-use-previous
408 silly ADD node_modules/@radix-ui/react-use-layout-effect
409 silly ADD node_modules/@radix-ui/react-use-is-hydrated
410 silly ADD node_modules/@radix-ui/react-use-escape-keydown
411 silly ADD node_modules/@radix-ui/react-use-effect-event
412 silly ADD node_modules/@radix-ui/react-use-controllable-state
413 silly ADD node_modules/@radix-ui/react-use-callback-ref
414 silly ADD node_modules/@radix-ui/react-tooltip
415 silly ADD node_modules/@radix-ui/react-toggle-group
416 silly ADD node_modules/@radix-ui/react-toggle
417 silly ADD node_modules/@radix-ui/react-tabs
418 silly ADD node_modules/@radix-ui/react-switch
419 silly ADD node_modules/@radix-ui/react-slot
420 silly ADD node_modules/@radix-ui/react-slider
421 silly ADD node_modules/@radix-ui/react-separator
422 silly ADD node_modules/@radix-ui/react-select
423 silly ADD node_modules/@radix-ui/react-scroll-area
424 silly ADD node_modules/@radix-ui/react-roving-focus
425 silly ADD node_modules/@radix-ui/react-radio-group
426 silly ADD node_modules/@radix-ui/react-progress
427 silly ADD node_modules/@radix-ui/react-primitive
428 silly ADD node_modules/@radix-ui/react-presence
429 silly ADD node_modules/@radix-ui/react-portal
430 silly ADD node_modules/@radix-ui/react-popper
431 silly ADD node_modules/@radix-ui/react-popover
432 silly ADD node_modules/@radix-ui/react-navigation-menu
433 silly ADD node_modules/@radix-ui/react-menubar
434 silly ADD node_modules/@radix-ui/react-menu
435 silly ADD node_modules/@radix-ui/react-label
436 silly ADD node_modules/@radix-ui/react-id
437 silly ADD node_modules/@radix-ui/react-hover-card
438 silly ADD node_modules/@radix-ui/react-focus-scope
439 silly ADD node_modules/@radix-ui/react-focus-guards
440 silly ADD node_modules/@radix-ui/react-dropdown-menu
441 silly ADD node_modules/@radix-ui/react-dismissable-layer
442 silly ADD node_modules/@radix-ui/react-direction
443 silly ADD node_modules/@radix-ui/react-dialog
444 silly ADD node_modules/@radix-ui/react-context-menu
445 silly ADD node_modules/@radix-ui/react-context
446 silly ADD node_modules/@radix-ui/react-compose-refs
447 silly ADD node_modules/@radix-ui/react-collection
448 silly ADD node_modules/@radix-ui/react-collapsible
449 silly ADD node_modules/@radix-ui/react-checkbox
450 silly ADD node_modules/@radix-ui/react-avatar
451 silly ADD node_modules/@radix-ui/react-aspect-ratio
452 silly ADD node_modules/@radix-ui/react-arrow
453 silly ADD node_modules/@radix-ui/react-alert-dialog
454 silly ADD node_modules/@radix-ui/react-accordion
455 silly ADD node_modules/@radix-ui/primitive
456 silly ADD node_modules/@radix-ui/number
457 silly ADD node_modules/@floating-ui/utils
458 silly ADD node_modules/@floating-ui/react-dom
459 silly ADD node_modules/@floating-ui/dom
460 silly ADD node_modules/@floating-ui/core
461 silly ADD
462 silly ADD
463 silly ADD
464 silly ADD
465 silly ADD
466 silly ADD
467 silly ADD
468 silly ADD
469 silly ADD
470 silly ADD
471 silly ADD
472 silly ADD
473 silly ADD
474 silly ADD
475 silly ADD
476 silly ADD
477 silly ADD
478 silly ADD
479 silly ADD
480 silly ADD
481 silly ADD
482 silly ADD node_modules/@esbuild/darwin-arm64
483 silly ADD
484 silly ADD
485 silly ADD
486 silly ADD
487 silly ADD node_modules/@babel/runtime
488 verbose cwd /Users/mikkey_frolkin/caffio-project/frontend
489 verbose os Darwin 24.2.0
490 verbose node v22.16.0
491 verbose npm  v10.9.2
492 verbose exit 0
493 info ok
